azabell@azabell-ubuntu:~/Desktop$ sudo apt install python3.8
azabell@azabell-ubuntu:~/Desktop$ python  --version
azabell@azabell-ubuntu:~/Desktop$ python3 --version
azabell@azabell-ubuntu:~/Desktop$ python3.8 -m venv myenv
azabell@azabell-ubuntu:~/Desktop$ source myenv/bin/activate
azabell@azabell-ubuntu:~/Desktop$ python bike_rental_prediction.py
azabell@azabell-ubuntu:~/Desktop$ sudo pip install pandas numpy scikit-learn matplotlib
Collecting pandas
  Downloading pandas-2.1.3-cp310-cp310-manylinux_2_17_x86_64.manylinux2014_x86_64.whl (12.3 MB)
     ━━━━━━━━━━━━━━━━━━━━━━━━━━━━━━━━━━━━━━━━ 12.3/12.3 MB 3.6 MB/s eta 0:00:00
Collecting numpy
  Downloading numpy-1.26.2-cp310-cp310-manylinux_2_17_x86_64.manylinux2014_x86_64.whl (18.2 MB)
     ━━━━━━━━━━━━━━━━━━━━━━━━━━━━━━━━━━━━━━━━ 18.2/18.2 MB 3.6 MB/s eta 0:00:00
Collecting scikit-learn
  Downloading scikit_learn-1.3.2-cp310-cp310-manylinux_2_17_x86_64.manylinux2014_x86_64.whl (10.8 MB)
     ━━━━━━━━━━━━━━━━━━━━━━━━━━━━━━━━━━━━━━━━ 10.8/10.8 MB 3.7 MB/s eta 0:00:00
Collecting matplotlib
  Downloading matplotlib-3.8.1-cp310-cp310-manylinux_2_17_x86_64.manylinux2014_x86_64.whl (11.6 MB)
     ━━━━━━━━━━━━━━━━━━━━━━━━━━━━━━━━━━━━━━━━ 11.6/11.6 MB 3.5 MB/s eta 0:00:00
Collecting tzdata>=2022.1
  Downloading tzdata-2023.3-py2.py3-none-any.whl (341 kB)
     ━━━━━━━━━━━━━━━━━━━━━━━━━━━━━━━━━━━━━━━━ 341.8/341.8 KB 3.8 MB/s eta 0:00:00
Collecting python-dateutil>=2.8.2
  Downloading python_dateutil-2.8.2-py2.py3-none-any.whl (247 kB)
     ━━━━━━━━━━━━━━━━━━━━━━━━━━━━━━━━━━━━━━━━ 247.7/247.7 KB 4.2 MB/s eta 0:00:00
Requirement already satisfied: pytz>=2020.1 in /usr/lib/python3/dist-packages (from pandas) (2022.1)
Collecting scipy>=1.5.0
  Downloading scipy-1.11.3-cp310-cp310-manylinux_2_17_x86_64.manylinux2014_x86_64.whl (36.4 MB)
     ━━━━━━━━━━━━━━━━━━━━━━━━━━━━━━━━━━━━━━━━ 36.4/36.4 MB 3.4 MB/s eta 0:00:00
Collecting threadpoolctl>=2.0.0
  Downloading threadpoolctl-3.2.0-py3-none-any.whl (15 kB)
Collecting joblib>=1.1.1
  Downloading joblib-1.3.2-py3-none-any.whl (302 kB)
     ━━━━━━━━━━━━━━━━━━━━━━━━━━━━━━━━━━━━━━━━ 302.2/302.2 KB 3.9 MB/s eta 0:00:00
Requirement already satisfied: pyparsing>=2.3.1 in /usr/lib/python3/dist-packages (from matplotlib) (2.4.7)
Collecting fonttools>=4.22.0
  Downloading fonttools-4.44.3-cp310-cp310-manylinux_2_17_x86_64.manylinux2014_x86_64.whl (4.5 MB)
     ━━━━━━━━━━━━━━━━━━━━━━━━━━━━━━━━━━━━━━━━ 4.5/4.5 MB 2.7 MB/s eta 0:00:00
Requirement already satisfied: pillow>=8 in /usr/lib/python3/dist-packages (from matplotlib) (9.0.1)
Collecting packaging>=20.0
  Downloading packaging-23.2-py3-none-any.whl (53 kB)
     ━━━━━━━━━━━━━━━━━━━━━━━━━━━━━━━━━━━━━━━━ 53.0/53.0 KB 6.0 MB/s eta 0:00:00
Collecting contourpy>=1.0.1
  Downloading contourpy-1.2.0-cp310-cp310-manylinux_2_17_x86_64.manylinux2014_x86_64.whl (310 kB)
     ━━━━━━━━━━━━━━━━━━━━━━━━━━━━━━━━━━━━━━━━ 310.7/310.7 KB 3.9 MB/s eta 0:00:00
Collecting cycler>=0.10
  Downloading cycler-0.12.1-py3-none-any.whl (8.3 kB)
Collecting kiwisolver>=1.3.1
  Downloading kiwisolver-1.4.5-cp310-cp310-manylinux_2_12_x86_64.manylinux2010_x86_64.whl (1.6 MB)
     ━━━━━━━━━━━━━━━━━━━━━━━━━━━━━━━━━━━━━━━━ 1.6/1.6 MB 3.6 MB/s eta 0:00:00
Requirement already satisfied: six>=1.5 in /usr/lib/python3/dist-packages (from python-dateutil>=2.8.2->pandas) (1.16.0)
Installing collected packages: tzdata, threadpoolctl, python-dateutil, packaging, numpy, kiwisolver, joblib, fonttools, cycler, scipy, pandas, contourpy, scikit-learn, matplotlib
  Attempting uninstall: python-dateutil
    Found existing installation: python-dateutil 2.8.1
    Not uninstalling python-dateutil at /usr/lib/python3/dist-packages, outside environment /usr
    Can't uninstall 'python-dateutil'. No files were found to uninstall.
Successfully installed contourpy-1.2.0 cycler-0.12.1 fonttools-4.44.3 joblib-1.3.2 kiwisolver-1.4.5 matplotlib-3.8.1 numpy-1.26.2 packaging-23.2 pandas-2.1.3 python-dateutil-2.8.2 scikit-learn-1.3.2 scipy-1.11.3 threadpoolctl-3.2.0 tzdata-2023.3

